<?xml version="1.0" encoding="UTF-8"?>
<!-- Generated by org.testng.reporters.JUnitXMLReporter -->
<testsuite ignored="0" hostname="LAPTOP-PU8VKKP8" failures="0" tests="6" name="Default test" time="17.739" errors="0" timestamp="2022-09-06T22:12:19 IST">
  <testcase classname="rahulshettyacademy.FrameworkFullPageTest" name="BasePageNavigation" time="0.563"/>
  <testcase classname="rahulshettyacademy.FrameworkFullPageTest" name="EnterLoginData" time="0.228"/>
  <testcase classname="rahulshettyacademy.FrameworkFullPageTest" name="ClickProduct" time="13.035"/>
  <testcase classname="rahulshettyacademy.FrameworkFullPageTest" name="CartSection" time="0.326"/>
  <testcase classname="rahulshettyacademy.FrameworkFullPageTest" name="CheckOutSection" time="0.6"/>
  <testcase classname="rahulshettyacademy.FrameworkFullPageTest" name="ConfirmationSection" time="0.09"/>
</testsuite> <!-- Default test -->
