<?xml version="1.0" encoding="UTF-8"?>
<!-- Generated by org.testng.reporters.JUnitXMLReporter -->
<testsuite ignored="0" hostname="LAPTOP-PU8VKKP8" failures="0" tests="6" name="Ecommerce Testing" time="17.274" errors="0" timestamp="2022-09-06T22:13:19 IST">
  <testcase classname="rahulshettyacademy.FrameworkFullPageTest" name="BasePageNavigation" time="0.528"/>
  <testcase classname="rahulshettyacademy.FrameworkFullPageTest" name="EnterLoginData" time="0.24"/>
  <testcase classname="rahulshettyacademy.FrameworkFullPageTest" name="ClickProduct" time="13.018"/>
  <testcase classname="rahulshettyacademy.FrameworkFullPageTest" name="CartSection" time="0.309"/>
  <testcase classname="rahulshettyacademy.FrameworkFullPageTest" name="CheckOutSection" time="0.569"/>
  <testcase classname="rahulshettyacademy.FrameworkFullPageTest" name="ConfirmationSection" time="0.096"/>
</testsuite> <!-- Ecommerce Testing -->
