<?xml version="1.0" encoding="UTF-8"?>
<!-- Generated by org.testng.reporters.JUnitXMLReporter -->
<testsuite ignored="0" hostname="LAPTOP-PU8VKKP8" failures="0" tests="6" name="Submit Order Testing" time="18.085" errors="0" timestamp="2022-09-04T12:44:36 IST">
  <testcase classname="rahulshettyacademy.FrameworkFullPageTest" name="BasePageNavigation" time="1.979"/>
  <testcase classname="rahulshettyacademy.FrameworkFullPageTest" name="EnterLoginData" time="0.235"/>
  <testcase classname="rahulshettyacademy.FrameworkFullPageTest" name="ClickProduct" time="13.03"/>
  <testcase classname="rahulshettyacademy.FrameworkFullPageTest" name="CartSection" time="0.307"/>
  <testcase classname="rahulshettyacademy.FrameworkFullPageTest" name="CheckOutSection" time="0.667"/>
  <testcase classname="rahulshettyacademy.FrameworkFullPageTest" name="ConfirmationSection" time="0.099"/>
</testsuite> <!-- Submit Order Testing -->
