<?xml version="1.0" encoding="UTF-8"?>
<!-- Generated by org.testng.reporters.JUnitXMLReporter -->
<testsuite ignored="0" hostname="LAPTOP-PU8VKKP8" failures="0" tests="6" name="Test" time="16.387" errors="0" timestamp="2022-08-31T21:48:07 IST">
  <testcase classname="rahulshettyacademy.FrameworkHomePage" name="BasePageNavigation" time="0.523"/>
  <testcase classname="rahulshettyacademy.FrameworkHomePage" name="EnterLoginData" time="0.201"/>
  <testcase classname="rahulshettyacademy.FrameworkHomePage" name="ClickProduct" time="13.007"/>
  <testcase classname="rahulshettyacademy.FrameworkHomePage" name="CartSection" time="0.302"/>
  <testcase classname="rahulshettyacademy.FrameworkHomePage" name="CheckOutSection" time="0.626"/>
  <testcase classname="rahulshettyacademy.FrameworkHomePage" name="ConfirmationSection" time="0.154"/>
</testsuite> <!-- Test -->
