<?xml version="1.0" encoding="UTF-8"?>
<!-- Generated by org.testng.reporters.JUnitXMLReporter -->
<testsuite ignored="0" hostname="LAPTOP-PU8VKKP8" failures="1" tests="1" name="Command line test" time="3.638" errors="0" timestamp="2022-09-02T09:37:44 IST">
  <testcase classname="rahulshettyacademy.ErrorValidationTest" name="ErrormsgValidation" time="1.31">
    <failure type="java.lang.AssertionError" message="expected [Incorrec email or password.] but found [Incorrect email or password.]">
      <![CDATA[java.lang.AssertionError: expected [Incorrec email or password.] but found [Incorrect email or password.]
at rahulshettyacademy.pageobjects.ErrorValidation.ErrorCheck(ErrorValidation.java:66)
at rahulshettyacademy.ErrorValidationTest.ErrormsgValidation(ErrorValidationTest.java:28)
at java.base/java.util.ArrayList.forEach(ArrayList.java:1511)
... Removed 42 stack frames]]>
    </failure>
  </testcase> <!-- ErrormsgValidation -->
</testsuite> <!-- Command line test -->
