<?xml version="1.0" encoding="UTF-8" ?>
<testsuite tests="1" failures="1" name="rahulshettyacademy.ErrorValidationTest" time="1.315" errors="0" skipped="0">
  <properties>
[...]
</properties>
  <testcase classname="rahulshettyacademy.ErrorValidationTest" name="ErrormsgValidation" time="1.315">
    <failure message="expected [Incorrec email or password.] but found [Incorrect email or password.]" type="java.lang.AssertionError">java.lang.AssertionError: expected [Incorrec email or password.] but found [Incorrect email or password.]
	at org.testng.Assert.fail(Assert.java:110)
	at org.testng.Assert.failNotEquals(Assert.java:1413)
	at org.testng.Assert.assertEqualsImpl(Assert.java:149)
	at org.testng.Assert.assertEquals(Assert.java:131)
	at org.testng.Assert.assertEquals(Assert.java:655)
	at org.testng.Assert.assertEquals(Assert.java:665)
	at rahulshettyacademy.pageobjects.ErrorValidation.ErrorCheck(ErrorValidation.java:66)
	at rahulshettyacademy.ErrorValidationTest.ErrormsgValidation(ErrorValidationTest.java:28)
</failure>
    <system-out>Configuring TestNG with: org.apache.maven.surefire.testng.conf.TestNG652Configurator@60f82f98
Incorrect email or password.
</system-out>
    <system-err>SLF4J: Failed to load class &quot;org.slf4j.impl.StaticLoggerBinder&quot;.
SLF4J: Defaulting to no-operation (NOP) logger implementation
SLF4J: See http://www.slf4j.org/codes.html#StaticLoggerBinder for further details.
Starting ChromeDriver 103.0.5060.53 (a1711811edd74ff1cf2150f36ffa3b0dae40b17f-refs/branch-heads/5060@{#853}) on port 49367
Only local connections are allowed.
Please see https://chromedriver.chromium.org/security-considerations for suggestions on keeping ChromeDriver safe.
ChromeDriver was started successfully.
[1662091661.877][WARNING]: This version of ChromeDriver has not been tested with Chrome version 104.
Sep 02, 2022 9:37:41 AM org.openqa.selenium.remote.ProtocolHandshake createSession
INFO: Detected upstream dialect: W3C
Sep 02, 2022 9:37:41 AM org.openqa.selenium.devtools.CdpVersionFinder findNearestMatch
INFO: Found exact CDP implementation for version 104
</system-err>
  </testcase>
</testsuite>