<?xml version="1.0" encoding="UTF-8"?>
<testng-results ignored="0" total="1" passed="1" failed="0" skipped="0">
  <reporter-output>
  </reporter-output>
  <suite started-at="2022-09-07T12:04:40 IST" name="Suite" finished-at="2022-09-07T12:04:45 IST" duration-ms="4166">
    <groups>
    </groups>
    <test started-at="2022-09-07T12:04:40 IST" name="Smoke" finished-at="2022-09-07T12:04:40 IST" duration-ms="7">
    </test> <!-- Smoke -->
    <test started-at="2022-09-07T12:04:40 IST" name="Ecommerce ErrorValidation" finished-at="2022-09-07T12:04:45 IST" duration-ms="4166">
      <class name="rahulshettyacademy.LoginPageErrorValidationTest">
        <test-method is-config="true" signature="Intialize()[pri:0, instance:rahulshettyacademy.LoginPageErrorValidationTest@65987993]" started-at="2022-09-07T12:04:40 IST" name="Intialize" finished-at="2022-09-07T12:04:44 IST" duration-ms="3524" status="PASS">
          <reporter-output>
          </reporter-output>
        </test-method> <!-- Intialize -->
        <test-method signature="ErrormsgValidation()[pri:1, instance:rahulshettyacademy.LoginPageErrorValidationTest@65987993]" started-at="2022-09-07T12:04:44 IST" name="ErrormsgValidation" finished-at="2022-09-07T12:04:45 IST" duration-ms="529" status="PASS">
          <reporter-output>
          </reporter-output>
        </test-method> <!-- ErrormsgValidation -->
        <test-method is-config="true" signature="tearDown()[pri:0, instance:rahulshettyacademy.LoginPageErrorValidationTest@65987993]" started-at="2022-09-07T12:04:45 IST" name="tearDown" finished-at="2022-09-07T12:04:45 IST" duration-ms="60" status="PASS">
          <reporter-output>
          </reporter-output>
        </test-method> <!-- tearDown -->
      </class> <!-- rahulshettyacademy.LoginPageErrorValidationTest -->
    </test> <!-- Ecommerce ErrorValidation -->
  </suite> <!-- Suite -->
</testng-results>
